<?xml version="1.0" encoding="UTF-8"?>
<!-- Generated by org.testng.reporters.JUnitReportReporter -->
<testsuite hostname="DESKTOP-MLFRTQ8" failures="0" tests="1" name="ERP.baseClassTest" time="4.137" errors="0" timestamp="2023-03-16T11:39:19 IST" skipped="0">
  <testcase classname="ERP.baseClassTest" name="launchApplicationsTest" time="4.137"/>
  <system-out>
    <![CDATA[Launching the browser
Website is launching
User name is entered
Password is entered]]>
  </system-out>
</testsuite> <!-- ERP.baseClassTest -->
