<?xml version="1.0" encoding="UTF-8"?>
<!-- Generated by org.testng.reporters.JUnitReportReporter -->
<testsuite hostname="DESKTOP-MLFRTQ8" failures="0" tests="1" name="hrTests.HRTestCases" time="2.703" errors="0" timestamp="2023-03-17T11:38:29 IST" skipped="0">
  <testcase classname="hrTests.HRTestCases" name="create_Employee" time="2.703"/>
  <system-out>
    <![CDATA[HR Tab is clicked]]>
  </system-out>
</testsuite> <!-- hrTests.HRTestCases -->
